# JRE version: Java(TM) SE Runtime Environment (8.0_271-b09) (build 1.8.0_271-b09)
# Java VM: Java HotSpot(TM) 64-Bit Server VM (25.271-b09 mixed mode windows-amd64 compressed oops)
Heap:
 PSYoungGen      total 339968K, used 123089K [0x0000000776180000, 0x0000000791b80000, 0x00000007c0000000)
  eden space 327680K, 37% used [0x0000000776180000,0x000000077d9b4468,0x000000078a180000)
  from space 12288K, 0% used [0x000000078a180000,0x000000078a180000,0x000000078ad80000)
  to   space 17920K, 0% used [0x0000000790a00000,0x0000000790a00000,0x0000000791b80000)
 ParOldGen       total 157696K, used 34813K [0x00000006e2400000, 0x00000006ebe00000, 0x0000000776180000)
  object space 157696K, 22% used [0x00000006e2400000,0x00000006e45ff7f8,0x00000006ebe00000)
 Metaspace       used 60903K, capacity 64264K, committed 64512K, reserved 1105920K
  class space    used 7806K, capacity 8391K, committed 8448K, reserved 1048576K
GC Heap History (10 events):
Event: 3.677 GC heap before
{Heap before GC invocations=8 (full 1):
 PSYoungGen      total 206336K, used 62742K [0x0000000776180000, 0x0000000783980000, 0x00000007c0000000)
  eden space 196096K, 26% used [0x0000000776180000,0x00000007794c9290,0x0000000782100000)
  from space 10240K, 99% used [0x0000000782f80000,0x000000078397c5e0,0x0000000783980000)
  to   space 12288K, 0% used [0x0000000782180000,0x0000000782180000,0x0000000782d80000)
 ParOldGen       total 76288K, used 7402K [0x00000006e2400000, 0x00000006e6e80000, 0x0000000776180000)
  object space 76288K, 9% used [0x00000006e2400000,0x00000006e2b3a960,0x00000006e6e80000)
 Metaspace       used 33448K, capacity 35398K, committed 35496K, reserved 1079296K
  class space    used 4487K, capacity 4901K, committed 4992K, reserved 1048576K
Event: 3.684 GC heap after
Heap after GC invocations=8 (full 1):
 PSYoungGen      total 208896K, used 9451K [0x0000000776180000, 0x000000078bc80000, 0x00000007c0000000)
  eden space 196608K, 0% used [0x0000000776180000,0x0000000776180000,0x0000000782180000)
  from space 12288K, 76% used [0x0000000782180000,0x0000000782abad10,0x0000000782d80000)
  to   space 12288K, 0% used [0x000000078b080000,0x000000078b080000,0x000000078bc80000)
 ParOldGen       total 76288K, used 7410K [0x00000006e2400000, 0x00000006e6e80000, 0x0000000776180000)
  object space 76288K, 9% used [0x00000006e2400000,0x00000006e2b3c960,0x00000006e6e80000)
 Metaspace       used 33448K, capacity 35398K, committed 35496K, reserved 1079296K
  class space    used 4487K, capacity 4901K, committed 4992K, reserved 1048576K
}
Event: 3.684 GC heap before
{Heap before GC invocations=9 (full 2):
 PSYoungGen      total 208896K, used 9451K [0x0000000776180000, 0x000000078bc80000, 0x00000007c0000000)
  eden space 196608K, 0% used [0x0000000776180000,0x0000000776180000,0x0000000782180000)
  from space 12288K, 76% used [0x0000000782180000,0x0000000782abad10,0x0000000782d80000)
  to   space 12288K, 0% used [0x000000078b080000,0x000000078b080000,0x000000078bc80000)
 ParOldGen       total 76288K, used 7410K [0x00000006e2400000, 0x00000006e6e80000, 0x0000000776180000)
  object space 76288K, 9% used [0x00000006e2400000,0x00000006e2b3c960,0x00000006e6e80000)
 Metaspace       used 33448K, capacity 35398K, committed 35496K, reserved 1079296K
  class space    used 4487K, capacity 4901K, committed 4992K, reserved 1048576K
Event: 3.717 GC heap after
Heap after GC invocations=9 (full 2):
 PSYoungGen      total 208896K, used 0K [0x0000000776180000, 0x000000078bc80000, 0x00000007c0000000)
  eden space 196608K, 0% used [0x0000000776180000,0x0000000776180000,0x0000000782180000)
  from space 12288K, 0% used [0x0000000782180000,0x0000000782180000,0x0000000782d80000)
  to   space 12288K, 0% used [0x000000078b080000,0x000000078b080000,0x000000078bc80000)
 ParOldGen       total 110080K, used 14708K [0x00000006e2400000, 0x00000006e8f80000, 0x0000000776180000)
  object space 110080K, 13% used [0x00000006e2400000,0x00000006e325d158,0x00000006e8f80000)
 Metaspace       used 33448K, capacity 35398K, committed 35496K, reserved 1079296K
  class space    used 4487K, capacity 4901K, committed 4992K, reserved 1048576K
}
Event: 5.348 GC heap before
{Heap before GC invocations=10 (full 2):
 PSYoungGen      total 208896K, used 196608K [0x0000000776180000, 0x000000078bc80000, 0x00000007c0000000)
  eden space 196608K, 100% used [0x0000000776180000,0x0000000782180000,0x0000000782180000)
  from space 12288K, 0% used [0x0000000782180000,0x0000000782180000,0x0000000782d80000)
  to   space 12288K, 0% used [0x000000078b080000,0x000000078b080000,0x000000078bc80000)
 ParOldGen       total 110080K, used 14708K [0x00000006e2400000, 0x00000006e8f80000, 0x0000000776180000)
  object space 110080K, 13% used [0x00000006e2400000,0x00000006e325d158,0x00000006e8f80000)
 Metaspace       used 40913K, capacity 43406K, committed 43648K, reserved 1087488K
  class space    used 5455K, capacity 5941K, committed 6016K, reserved 1048576K
Event: 5.356 GC heap after
Heap after GC invocations=10 (full 2):
 PSYoungGen      total 324608K, used 8944K [0x0000000776180000, 0x000000078b980000, 0x00000007c0000000)
  eden space 315392K, 0% used [0x0000000776180000,0x0000000776180000,0x0000000789580000)
  from space 9216K, 97% used [0x000000078b080000,0x000000078b93c3a0,0x000000078b980000)
  to   space 12288K, 0% used [0x000000078a180000,0x000000078a180000,0x000000078ad80000)
 ParOldGen       total 110080K, used 14780K [0x00000006e2400000, 0x00000006e8f80000, 0x0000000776180000)
  object space 110080K, 13% used [0x00000006e2400000,0x00000006e326f168,0x00000006e8f80000)
 Metaspace       used 40913K, capacity 43406K, committed 43648K, reserved 1087488K
  class space    used 5455K, capacity 5941K, committed 6016K, reserved 1048576K
}
Event: 27.991 GC heap before
{Heap before GC invocations=11 (full 2):
 PSYoungGen      total 324608K, used 266298K [0x0000000776180000, 0x000000078b980000, 0x00000007c0000000)
  eden space 315392K, 81% used [0x0000000776180000,0x0000000785cd24e8,0x0000000789580000)
  from space 9216K, 97% used [0x000000078b080000,0x000000078b93c3a0,0x000000078b980000)
  to   space 12288K, 0% used [0x000000078a180000,0x000000078a180000,0x000000078ad80000)
 ParOldGen       total 110080K, used 14780K [0x00000006e2400000, 0x00000006e8f80000, 0x0000000776180000)
  object space 110080K, 13% used [0x00000006e2400000,0x00000006e326f168,0x00000006e8f80000)
 Metaspace       used 55785K, capacity 59030K, committed 59136K, reserved 1099776K
  class space    used 7309K, capacity 7914K, committed 7936K, reserved 1048576K
Event: 28.008 GC heap after
Heap after GC invocations=11 (full 2):
 PSYoungGen      total 339968K, used 12269K [0x0000000776180000, 0x0000000791b80000, 0x00000007c0000000)
  eden space 327680K, 0% used [0x0000000776180000,0x0000000776180000,0x000000078a180000)
  from space 12288K, 99% used [0x000000078a180000,0x000000078ad7b478,0x000000078ad80000)
  to   space 17920K, 0% used [0x0000000790a00000,0x0000000790a00000,0x0000000791b80000)
 ParOldGen       total 110080K, used 26778K [0x00000006e2400000, 0x00000006e8f80000, 0x0000000776180000)
  object space 110080K, 24% used [0x00000006e2400000,0x00000006e3e268b0,0x00000006e8f80000)
 Metaspace       used 55785K, capacity 59030K, committed 59136K, reserved 1099776K
  class space    used 7309K, capacity 7914K, committed 7936K, reserved 1048576K
}
Event: 28.009 GC heap before
{Heap before GC invocations=12 (full 3):
 PSYoungGen      total 339968K, used 12269K [0x0000000776180000, 0x0000000791b80000, 0x00000007c0000000)
  eden space 327680K, 0% used [0x0000000776180000,0x0000000776180000,0x000000078a180000)
  from space 12288K, 99% used [0x000000078a180000,0x000000078ad7b478,0x000000078ad80000)
  to   space 17920K, 0% used [0x0000000790a00000,0x0000000790a00000,0x0000000791b80000)
 ParOldGen       total 110080K, used 26778K [0x00000006e2400000, 0x00000006e8f80000, 0x0000000776180000)
  object space 110080K, 24% used [0x00000006e2400000,0x00000006e3e268b0,0x00000006e8f80000)
 Metaspace       used 55785K, capacity 59030K, committed 59136K, reserved 1099776K
  class space    used 7309K, capacity 7914K, committed 7936K, reserved 1048576K
Event: 28.132 GC heap after
Heap after GC invocations=12 (full 3):
 PSYoungGen      total 339968K, used 0K [0x0000000776180000, 0x0000000791b80000, 0x00000007c0000000)
  eden space 327680K, 0% used [0x0000000776180000,0x0000000776180000,0x000000078a180000)
  from space 12288K, 0% used [0x000000078a180000,0x000000078a180000,0x000000078ad80000)
  to   space 17920K, 0% used [0x0000000790a00000,0x0000000790a00000,0x0000000791b80000)
 ParOldGen       total 157696K, used 34813K [0x00000006e2400000, 0x00000006ebe00000, 0x0000000776180000)
  object space 157696K, 22% used [0x00000006e2400000,0x00000006e45ff7f8,0x00000006ebe00000)
 Metaspace       used 55717K, capacity 58884K, committed 59136K, reserved 1099776K
  class space    used 7294K, capacity 7889K, committed 7936K, reserved 1048576K
}

