# JRE version: Java(TM) SE Runtime Environment (8.0_271-b09) (build 1.8.0_271-b09)
# Java VM: Java HotSpot(TM) 64-Bit Server VM (25.271-b09 mixed mode windows-amd64 compressed oops)
Heap:
 PSYoungGen      total 238592K, used 62153K [0x0000000776180000, 0x0000000787900000, 0x00000007c0000000)
  eden space 223744K, 27% used [0x0000000776180000,0x0000000779e32520,0x0000000783c00000)
  from space 14848K, 0% used [0x0000000784d00000,0x0000000784d00000,0x0000000785b80000)
  to   space 17408K, 0% used [0x0000000783c00000,0x0000000783c00000,0x0000000784d00000)
 ParOldGen       total 207872K, used 28501K [0x00000006e2400000, 0x00000006eef00000, 0x0000000776180000)
  object space 207872K, 13% used [0x00000006e2400000,0x00000006e3fd5598,0x00000006eef00000)
 Metaspace       used 58662K, capacity 61929K, committed 62208K, reserved 1103872K
  class space    used 7582K, capacity 8170K, committed 8192K, reserved 1048576K
GC Heap History (10 events):
Event: 2.889 GC heap before
{Heap before GC invocations=9 (full 2):
 PSYoungGen      total 150528K, used 8849K [0x0000000776180000, 0x0000000784d00000, 0x00000007c0000000)
  eden space 137728K, 0% used [0x0000000776180000,0x0000000776180000,0x000000077e800000)
  from space 12800K, 69% used [0x000000077e800000,0x000000077f0a4678,0x000000077f480000)
  to   space 12288K, 0% used [0x0000000784100000,0x0000000784100000,0x0000000784d00000)
 ParOldGen       total 91136K, used 10016K [0x00000006e2400000, 0x00000006e7d00000, 0x0000000776180000)
  object space 91136K, 10% used [0x00000006e2400000,0x00000006e2dc80e8,0x00000006e7d00000)
 Metaspace       used 33402K, capacity 35337K, committed 35496K, reserved 1079296K
  class space    used 4482K, capacity 4864K, committed 4864K, reserved 1048576K
Event: 2.942 GC heap after
Heap after GC invocations=9 (full 2):
 PSYoungGen      total 150528K, used 0K [0x0000000776180000, 0x0000000784d00000, 0x00000007c0000000)
  eden space 137728K, 0% used [0x0000000776180000,0x0000000776180000,0x000000077e800000)
  from space 12800K, 0% used [0x000000077e800000,0x000000077e800000,0x000000077f480000)
  to   space 12288K, 0% used [0x0000000784100000,0x0000000784100000,0x0000000784d00000)
 ParOldGen       total 142848K, used 13890K [0x00000006e2400000, 0x00000006eaf80000, 0x0000000776180000)
  object space 142848K, 9% used [0x00000006e2400000,0x00000006e3190908,0x00000006eaf80000)
 Metaspace       used 33402K, capacity 35337K, committed 35496K, reserved 1079296K
  class space    used 4482K, capacity 4864K, committed 4864K, reserved 1048576K
}
Event: 3.860 GC heap before
{Heap before GC invocations=10 (full 2):
 PSYoungGen      total 150528K, used 137728K [0x0000000776180000, 0x0000000784d00000, 0x00000007c0000000)
  eden space 137728K, 100% used [0x0000000776180000,0x000000077e800000,0x000000077e800000)
  from space 12800K, 0% used [0x000000077e800000,0x000000077e800000,0x000000077f480000)
  to   space 12288K, 0% used [0x0000000784100000,0x0000000784100000,0x0000000784d00000)
 ParOldGen       total 142848K, used 13890K [0x00000006e2400000, 0x00000006eaf80000, 0x0000000776180000)
  object space 142848K, 9% used [0x00000006e2400000,0x00000006e3190908,0x00000006eaf80000)
 Metaspace       used 39760K, capacity 42145K, committed 42368K, reserved 1085440K
  class space    used 5316K, capacity 5753K, committed 5760K, reserved 1048576K
Event: 3.865 GC heap after
Heap after GC invocations=10 (full 2):
 PSYoungGen      total 196608K, used 6421K [0x0000000776180000, 0x0000000784780000, 0x00000007c0000000)
  eden space 189952K, 0% used [0x0000000776180000,0x0000000776180000,0x0000000781b00000)
  from space 6656K, 96% used [0x0000000784100000,0x0000000784745400,0x0000000784780000)
  to   space 12288K, 0% used [0x0000000782f80000,0x0000000782f80000,0x0000000783b80000)
 ParOldGen       total 142848K, used 13962K [0x00000006e2400000, 0x00000006eaf80000, 0x0000000776180000)
  object space 142848K, 9% used [0x00000006e2400000,0x00000006e31a2918,0x00000006eaf80000)
 Metaspace       used 39760K, capacity 42145K, committed 42368K, reserved 1085440K
  class space    used 5316K, capacity 5753K, committed 5760K, reserved 1048576K
}
Event: 13.570 GC heap before
{Heap before GC invocations=11 (full 2):
 PSYoungGen      total 196608K, used 196373K [0x0000000776180000, 0x0000000784780000, 0x00000007c0000000)
  eden space 189952K, 100% used [0x0000000776180000,0x0000000781b00000,0x0000000781b00000)
  from space 6656K, 96% used [0x0000000784100000,0x0000000784745400,0x0000000784780000)
  to   space 12288K, 0% used [0x0000000782f80000,0x0000000782f80000,0x0000000783b80000)
 ParOldGen       total 142848K, used 13962K [0x00000006e2400000, 0x00000006eaf80000, 0x0000000776180000)
  object space 142848K, 9% used [0x00000006e2400000,0x00000006e31a2918,0x00000006eaf80000)
 Metaspace       used 47301K, capacity 50345K, committed 50688K, reserved 1093632K
  class space    used 6281K, capacity 6822K, committed 6912K, reserved 1048576K
Event: 13.580 GC heap after
Heap after GC invocations=11 (full 2):
 PSYoungGen      total 223232K, used 12271K [0x0000000776180000, 0x0000000785b80000, 0x00000007c0000000)
  eden space 210944K, 0% used [0x0000000776180000,0x0000000776180000,0x0000000782f80000)
  from space 12288K, 99% used [0x0000000782f80000,0x0000000783b7bf40,0x0000000783b80000)
  to   space 14848K, 0% used [0x0000000784d00000,0x0000000784d00000,0x0000000785b80000)
 ParOldGen       total 142848K, used 16948K [0x00000006e2400000, 0x00000006eaf80000, 0x0000000776180000)
  object space 142848K, 11% used [0x00000006e2400000,0x00000006e348d100,0x00000006eaf80000)
 Metaspace       used 47301K, capacity 50345K, committed 50688K, reserved 1093632K
  class space    used 6281K, capacity 6822K, committed 6912K, reserved 1048576K
}
Event: 14.376 GC heap before
{Heap before GC invocations=12 (full 2):
 PSYoungGen      total 223232K, used 81003K [0x0000000776180000, 0x0000000785b80000, 0x00000007c0000000)
  eden space 210944K, 32% used [0x0000000776180000,0x000000077a49efb8,0x0000000782f80000)
  from space 12288K, 99% used [0x0000000782f80000,0x0000000783b7bf40,0x0000000783b80000)
  to   space 14848K, 0% used [0x0000000784d00000,0x0000000784d00000,0x0000000785b80000)
 ParOldGen       total 142848K, used 16948K [0x00000006e2400000, 0x00000006eaf80000, 0x0000000776180000)
  object space 142848K, 11% used [0x00000006e2400000,0x00000006e348d100,0x00000006eaf80000)
 Metaspace       used 55854K, capacity 58901K, committed 59136K, reserved 1099776K
  class space    used 7256K, capacity 7830K, committed 7936K, reserved 1048576K
Event: 14.385 GC heap after
Heap after GC invocations=12 (full 2):
 PSYoungGen      total 238592K, used 14819K [0x0000000776180000, 0x0000000787900000, 0x00000007c0000000)
  eden space 223744K, 0% used [0x0000000776180000,0x0000000776180000,0x0000000783c00000)
  from space 14848K, 99% used [0x0000000784d00000,0x0000000785b78ca8,0x0000000785b80000)
  to   space 17408K, 0% used [0x0000000783c00000,0x0000000783c00000,0x0000000784d00000)
 ParOldGen       total 142848K, used 20018K [0x00000006e2400000, 0x00000006eaf80000, 0x0000000776180000)
  object space 142848K, 14% used [0x00000006e2400000,0x00000006e378c918,0x00000006eaf80000)
 Metaspace       used 55854K, capacity 58901K, committed 59136K, reserved 1099776K
  class space    used 7256K, capacity 7830K, committed 7936K, reserved 1048576K
}
Event: 14.385 GC heap before
{Heap before GC invocations=13 (full 3):
 PSYoungGen      total 238592K, used 14819K [0x0000000776180000, 0x0000000787900000, 0x00000007c0000000)
  eden space 223744K, 0% used [0x0000000776180000,0x0000000776180000,0x0000000783c00000)
  from space 14848K, 99% used [0x0000000784d00000,0x0000000785b78ca8,0x0000000785b80000)
  to   space 17408K, 0% used [0x0000000783c00000,0x0000000783c00000,0x0000000784d00000)
 ParOldGen       total 142848K, used 20018K [0x00000006e2400000, 0x00000006eaf80000, 0x0000000776180000)
  object space 142848K, 14% used [0x00000006e2400000,0x00000006e378c918,0x00000006eaf80000)
 Metaspace       used 55854K, capacity 58901K, committed 59136K, reserved 1099776K
  class space    used 7256K, capacity 7830K, committed 7936K, reserved 1048576K
Event: 14.483 GC heap after
Heap after GC invocations=13 (full 3):
 PSYoungGen      total 238592K, used 0K [0x0000000776180000, 0x0000000787900000, 0x00000007c0000000)
  eden space 223744K, 0% used [0x0000000776180000,0x0000000776180000,0x0000000783c00000)
  from space 14848K, 0% used [0x0000000784d00000,0x0000000784d00000,0x0000000785b80000)
  to   space 17408K, 0% used [0x0000000783c00000,0x0000000783c00000,0x0000000784d00000)
 ParOldGen       total 207872K, used 28501K [0x00000006e2400000, 0x00000006eef00000, 0x0000000776180000)
  object space 207872K, 13% used [0x00000006e2400000,0x00000006e3fd5598,0x00000006eef00000)
 Metaspace       used 55812K, capacity 58835K, committed 59136K, reserved 1099776K
  class space    used 7250K, capacity 7819K, committed 7936K, reserved 1048576K
}

